<?xml version="1.0" encoding="UTF-8"?>
<!-- Generated by org.testng.reporters.JUnitReportReporter -->
<testsuite hostname="DESKTOP-H9255BB" failures="0" tests="11" name="com.crm.comcast.testng.AddToCarttest" time="0.081" errors="0" timestamp="2022-01-27T20:39:00 IST" skipped="0">
  <testcase classname="com.crm.comcast.testng.AddToCarttest" name="products" time="0.010"/>
  <system-out/>
  <testcase classname="com.crm.comcast.testng.AddToCarttest" name="products" time="0.010"/>
  <system-out/>
  <testcase classname="com.crm.comcast.testng.AddToCarttest" name="products" time="0.014"/>
  <system-out/>
  <testcase classname="com.crm.comcast.testng.AddToCarttest" name="products" time="0.014"/>
  <system-out/>
  <testcase classname="com.crm.comcast.testng.AddToCarttest" name="products" time="0.006"/>
  <system-out/>
  <testcase classname="com.crm.comcast.testng.AddToCarttest" name="products" time="0.010"/>
  <system-out/>
  <testcase classname="com.crm.comcast.testng.AddToCarttest" name="products" time="0.003"/>
  <system-out/>
  <testcase classname="com.crm.comcast.testng.AddToCarttest" name="products" time="0.002"/>
  <system-out/>
  <testcase classname="com.crm.comcast.testng.AddToCarttest" name="products" time="0.003"/>
  <system-out/>
  <testcase classname="com.crm.comcast.testng.AddToCarttest" name="products" time="0.004"/>
  <system-out/>
  <testcase classname="com.crm.comcast.testng.AddToCarttest" name="products" time="0.005"/>
  <system-out/>
</testsuite> <!-- com.crm.comcast.testng.AddToCarttest -->
