<?xml version="1.0" encoding="UTF-8"?>
<!-- Generated by org.testng.reporters.JUnitReportReporter -->
<testsuite hostname="DESKTOP-H9255BB" failures="0" tests="1" name="com.crm.comcast.testng.CreateContactTestNgTest" time="97.976" errors="0" timestamp="2022-01-27T15:42:32 IST" skipped="0">
  <testcase classname="com.crm.comcast.testng.CreateContactTestNgTest" name="createContact" time="97.976"/>
  <system-out/>
</testsuite> <!-- com.crm.comcast.testng.CreateContactTestNgTest -->
