<?xml version="1.0" encoding="UTF-8"?>
<!-- Generated by org.testng.reporters.JUnitReportReporter -->
<testsuite hostname="DESKTOP-H9255BB" failures="0" tests="1" name="Practice1.Screenshot" time="14.850" errors="0" timestamp="2022-01-27T20:58:55 IST" skipped="0">
  <testcase classname="Practice1.Screenshot" name="takescreenshot" time="14.850"/>
  <system-out/>
</testsuite> <!-- Practice1.Screenshot -->
