<?xml version="1.0" encoding="UTF-8"?>
<!-- Generated by org.testng.reporters.JUnitReportReporter -->
<testsuite hostname="DESKTOP-H9255BB" failures="0" tests="1" name="com.crm.comcast.testng.AddToCarttest" time="0.000" errors="0" timestamp="2022-02-01T22:31:32 IST" skipped="1">
  <testcase classname="com.crm.comcast.testng.AddToCarttest" name="organizationData" time="0.000">
    <skipped/>
  </testcase> <!-- organizationData -->
  <system-out/>
</testsuite> <!-- com.crm.comcast.testng.AddToCarttest -->
